0 "执行C_SCRIPT"
1 "执行B_SCRIPT"
2 "C_SCRIPT"
3 "123456"
4 "相等"
5 "不相等"
6 "B_SCRIPT"
7 "aaa"
8 "echo abc defdsafdsafd"
9 "a.txt"
%%
LABEL F_C_SCRIPT_BEGIN
DEPTH
PUSH %0
PUSH #1
CALL 1001
CLR
LABEL F_C_SCRIPT_END
_DEPTH
RECALL
LABEL F_B_SCRIPT_BEGIN
DEPTH
PUSH %1
PUSH #1
CALL 1001
CLR
PUSH %2
SAVCALL L_1
JMP
LABEL L_1
LABEL F_B_SCRIPT_END
_DEPTH
RECALL
LABEL F_main_BEGIN
DEPTH
VAR s STRING
PUSH %3
SAV s
PUSH s
PUSH #1
CALL 1001
CLR
VAR mb1 MEMBLOCK
VAR mb2 MEMBLOCK
VAR mb3 MEMBLOCK
PUSH s
PUSH #1
CALL 1011
SAV mb1
PUSH mb1
PUSH #0
PUSH #1
PUSH #3
CALL 1008
SAV mb2
PUSH mb1
PUSH #0
PUSH #2
PUSH #3
CALL 1008
SAV mb3
PUSH mb2
PUSH mb3
PUSH #2
CALL 1012
PUSH #1
EQ
GOTOFALSE L_3
PUSH %4
PUSH #1
CALL 1001
CLR
GOTO L_4
LABEL L_3
PUSH %5
PUSH #1
CALL 1001
CLR
LABEL L_4
PUSH %6
SAVCALL L_5
JMP
LABEL L_5
PUSH s
PUSH %7
NE
GOTOFALSE L_7
LABEL L_7
PUSH mb2
PUSH #1
CALL 1013
PUSH #1
CALL 1001
CLR
PUSH mb3
PUSH #1
CALL 1013
PUSH #1
CALL 1001
CLR
VAR s1 STRING
VAR s2 STRING
PUSH mb2
PUSH #1
CALL 1010
SAV s1
PUSH mb3
PUSH #1
CALL 1010
SAV s2
PUSH s1
PUSH s2
PUSH s1
PUSH s2
ADD
PUSH #3
CALL 1001
CLR
VAR len INTEGER
PUSH s1
PUSH #1
CALL 1013
PUSH s2
PUSH #1
CALL 1013
ADD
SAV len
PUSH len
PUSH #1
CALL 1001
CLR
PUSH s1
PUSH s2
ADD
PUSH #1
CALL 1011
PUSH #1
CALL 1001
CLR
PUSH mb2
SAV g_0
PUSH g_0
PUSH #1
CALL 1001
CLR
PUSH g_0
PUSH g_1
EQ
GOTOFALSE L_10
LABEL L_10
PUSH %8
PUSH #1
CALL 1006
CLR
PUSH %9
PUSH #51
PUSH #2
CALL 1001
CLR
LABEL F_main_END
_DEPTH
HALT
